<?xml version="1.0" encoding="UTF-8"?>
<!-- Generated by org.testng.reporters.JUnitReportReporter -->
<testsuite hostname="DESKTOP-I5F2NBJ" failures="0" tests="1" name="in.swiggy.teststeps.TestRunner" time="33.659" errors="0" timestamp="2023-08-01T12:27:46 IST" skipped="0">
  <testcase classname="in.swiggy.teststeps.TestRunner" name="runScenario" time="33.659"/>
  <system-out/>
</testsuite> <!-- in.swiggy.teststeps.TestRunner -->
